<?xml version="1.0" encoding="UTF-8"?>
<!-- Generated by org.testng.reporters.JUnitXMLReporter -->
<testsuite ignored="0" hostname="LAPTOP-P37C4IVJ" failures="3" tests="3" name="Default test" time="1.661" errors="0" timestamp="2022-04-25T19:29:55 GST">
  <testcase classname="io.cucumber.testng.AbstractTestNGCucumberTests" name="runScenario" time="0.402">
    <failure type="java.lang.NullPointerException">
      <![CDATA[java.lang.NullPointerException
at naggaroTest.Step_def_1.user_is_on_jquery_webpage(Step_def_1.java:32)
at ✽.User is on jquery webpage(file:///E:/Aaron/eclipse-workspace/NagarroProject/src/test/resources/naggaroTest/WebUiTest.feature:4)
]]>
    </failure>
  </testcase> <!-- runScenario -->
  <testcase classname="io.cucumber.testng.AbstractTestNGCucumberTests" name="runScenario" time="0.012">
    <failure type="java.lang.NullPointerException">
      <![CDATA[java.lang.NullPointerException
at naggaroTest.Step_def_1.user_is_on_jquery_webpage(Step_def_1.java:32)
at ✽.User is on jquery webpage(file:///E:/Aaron/eclipse-workspace/NagarroProject/src/test/resources/naggaroTest/WebUiTest.feature:4)
]]>
    </failure>
  </testcase> <!-- runScenario -->
  <testcase classname="io.cucumber.testng.AbstractTestNGCucumberTests" name="runScenario" time="0.002">
    <failure type="java.lang.NullPointerException">
      <![CDATA[java.lang.NullPointerException
at naggaroTest.Step_def_1.user_is_on_jquery_webpage(Step_def_1.java:32)
at ✽.User is on jquery webpage(file:///E:/Aaron/eclipse-workspace/NagarroProject/src/test/resources/naggaroTest/WebUiTest.feature:4)
]]>
    </failure>
  </testcase> <!-- runScenario -->
</testsuite> <!-- Default test -->
