<?xml version="1.0" encoding="UTF-8"?>
<testng-results ignored="0" total="3" passed="0" failed="3" skipped="0">
  <reporter-output>
  </reporter-output>
  <suite started-at="2022-04-25T19:29:54 GST" name="Default suite" finished-at="2022-04-25T19:29:55 GST" duration-ms="1661">
    <groups>
      <group name="cucumber">
        <method signature="AbstractTestNGCucumberTests.runScenario(io.cucumber.testng.PickleWrapper,io.cucumber.testng.FeatureWrapper)[pri:0, instance:naggaroTest.TestRunnerTest@2753316c]" name="runScenario" class="io.cucumber.testng.AbstractTestNGCucumberTests"/>
      </group> <!-- cucumber -->
    </groups>
    <test started-at="2022-04-25T19:29:54 GST" name="Default test" finished-at="2022-04-25T19:29:55 GST" duration-ms="1661">
      <class name="naggaroTest.TestRunnerTest">
        <test-method is-config="true" signature="setUpClass()[pri:0, instance:naggaroTest.TestRunnerTest@2753316c]" started-at="2022-04-25T19:29:54 GST" name="setUpClass" finished-at="2022-04-25T19:29:55 GST" duration-ms="1091" status="PASS">
          <reporter-output>
          </reporter-output>
        </test-method> <!-- setUpClass -->
        <test-method signature="runScenario(io.cucumber.testng.PickleWrapper,io.cucumber.testng.FeatureWrapper)[pri:0, instance:naggaroTest.TestRunnerTest@2753316c]" started-at="2022-04-25T19:29:55 GST" name="runScenario" description="Runs Cucumber Scenarios" data-provider="scenarios" finished-at="2022-04-25T19:29:55 GST" duration-ms="402" status="FAIL">
          <params>
            <param index="0">
              <value>
                <![CDATA[""]]>
              </value>
            </param>
            <param index="1">
              <value>
                <![CDATA["Optional[Jquery Testing]"]]>
              </value>
            </param>
          </params>
          <exception class="java.lang.NullPointerException">
            <full-stacktrace>
              <![CDATA[java.lang.NullPointerException
at naggaroTest.Step_def_1.user_is_on_jquery_webpage(Step_def_1.java:32)
at ✽.User is on jquery webpage(file:///E:/Aaron/eclipse-workspace/NagarroProject/src/test/resources/naggaroTest/WebUiTest.feature:4)
]]>
            </full-stacktrace>
          </exception> <!-- java.lang.NullPointerException -->
          <reporter-output>
          </reporter-output>
        </test-method> <!-- runScenario -->
        <test-method signature="runScenario(io.cucumber.testng.PickleWrapper,io.cucumber.testng.FeatureWrapper)[pri:0, instance:naggaroTest.TestRunnerTest@2753316c]" started-at="2022-04-25T19:29:55 GST" name="runScenario" description="Runs Cucumber Scenarios" data-provider="scenarios" finished-at="2022-04-25T19:29:55 GST" duration-ms="12" status="FAIL">
          <params>
            <param index="0">
              <value>
                <![CDATA[""]]>
              </value>
            </param>
            <param index="1">
              <value>
                <![CDATA["Optional[Jquery Testing]"]]>
              </value>
            </param>
          </params>
          <exception class="java.lang.NullPointerException">
            <full-stacktrace>
              <![CDATA[java.lang.NullPointerException
at naggaroTest.Step_def_1.user_is_on_jquery_webpage(Step_def_1.java:32)
at ✽.User is on jquery webpage(file:///E:/Aaron/eclipse-workspace/NagarroProject/src/test/resources/naggaroTest/WebUiTest.feature:4)
]]>
            </full-stacktrace>
          </exception> <!-- java.lang.NullPointerException -->
          <reporter-output>
          </reporter-output>
        </test-method> <!-- runScenario -->
        <test-method signature="runScenario(io.cucumber.testng.PickleWrapper,io.cucumber.testng.FeatureWrapper)[pri:0, instance:naggaroTest.TestRunnerTest@2753316c]" started-at="2022-04-25T19:29:55 GST" name="runScenario" description="Runs Cucumber Scenarios" data-provider="scenarios" finished-at="2022-04-25T19:29:55 GST" duration-ms="2" status="FAIL">
          <params>
            <param index="0">
              <value>
                <![CDATA[""]]>
              </value>
            </param>
            <param index="1">
              <value>
                <![CDATA["Optional[Jquery Testing]"]]>
              </value>
            </param>
          </params>
          <exception class="java.lang.NullPointerException">
            <full-stacktrace>
              <![CDATA[java.lang.NullPointerException
at naggaroTest.Step_def_1.user_is_on_jquery_webpage(Step_def_1.java:32)
at ✽.User is on jquery webpage(file:///E:/Aaron/eclipse-workspace/NagarroProject/src/test/resources/naggaroTest/WebUiTest.feature:4)
]]>
            </full-stacktrace>
          </exception> <!-- java.lang.NullPointerException -->
          <reporter-output>
          </reporter-output>
        </test-method> <!-- runScenario -->
        <test-method is-config="true" signature="tearDownClass()[pri:0, instance:naggaroTest.TestRunnerTest@2753316c]" started-at="2022-04-25T19:29:55 GST" name="tearDownClass" finished-at="2022-04-25T19:29:55 GST" duration-ms="53" status="PASS">
          <reporter-output>
          </reporter-output>
        </test-method> <!-- tearDownClass -->
      </class> <!-- naggaroTest.TestRunnerTest -->
    </test> <!-- Default test -->
  </suite> <!-- Default suite -->
</testng-results>
